22:36:16 - Json file not found in C:\Users\TroyN\AppData\Roaming\.minecraft\versions\1.8.8\1.8.8.json
22:36:16 - Please run launcher & Minecraft at least once.
22:37:01 - "scalac" is not found on the PATH.  Scala files will not be recompiled
22:40:57 - !! Missing server jar file. Aborting !!
17:34:52 - "scalac" is not found on the PATH.  Scala files will not be recompiled
17:35:50 - !! Can not find server sources, try decompiling !!
17:35:56 - "scalac" is not found on the PATH.  Scala files will not be recompiled
17:36:13 - !! Can not find server md5s !!
17:36:41 - "scalac" is not found on the PATH.  Scala files will not be recompiled
17:36:51 - !! Can not find server md5s !!
21:22:22 - "scalac" is not found on the PATH.  Scala files will not be recompiled
21:22:59 - !! Can not find server sources, try decompiling !!
21:23:06 - "scalac" is not found on the PATH.  Scala files will not be recompiled
21:23:17 - !! Can not find server md5s !!
23:13:45 - "scalac" is not found on the PATH.  Scala files will not be recompiled
23:14:30 - !! Can not find server sources, try decompiling !!
23:16:02 - "scalac" is not found on the PATH.  Scala files will not be recompiled
23:16:29 - !! Can not find server sources, try decompiling !!
23:18:17 - "scalac" is not found on the PATH.  Scala files will not be recompiled
23:19:07 - "scalac" is not found on the PATH.  Scala files will not be recompiled
23:19:35 - !! Can not find server sources, try decompiling !!
23:20:04 - "scalac" is not found on the PATH.  Scala files will not be recompiled
23:20:13 - !! Can not find server md5s !!
23:27:07 - "scalac" is not found on the PATH.  Scala files will not be recompiled
23:27:18 - !! Can not find server md5s !!
23:46:22 - "scalac" is not found on the PATH.  Scala files will not be recompiled
23:46:45 - !! Can not find server md5s !!
23:46:56 - "scalac" is not found on the PATH.  Scala files will not be recompiled
23:47:39 - "scalac" is not found on the PATH.  Scala files will not be recompiled
23:47:53 - !! Can not find server sources, try decompiling !!
23:48:11 - !! Can not find server sources, try decompiling !!
23:48:11 - "scalac" is not found on the PATH.  Scala files will not be recompiled
23:48:49 - !! Can not find server md5s !!
23:48:53 - "scalac" is not found on the PATH.  Scala files will not be recompiled
23:49:20 - !! Can not find server sources, try decompiling !!
23:49:21 - "scalac" is not found on the PATH.  Scala files will not be recompiled
23:58:31 - !! Can not find server md5s !!
23:58:37 - "scalac" is not found on the PATH.  Scala files will not be recompiled
23:58:47 - !! Can not find server md5s !!
00:04:06 - "scalac" is not found on the PATH.  Scala files will not be recompiled
00:04:25 - "scalac" is not found on the PATH.  Scala files will not be recompiled
00:04:48 - !! Can not find server sources, try decompiling !!
00:05:00 - !! Can not find server sources, try decompiling !!
00:05:00 - "scalac" is not found on the PATH.  Scala files will not be recompiled
00:06:52 - !! Can not find server md5s !!
00:06:56 - "scalac" is not found on the PATH.  Scala files will not be recompiled
00:07:26 - !! Can not find server sources, try decompiling !!
00:07:27 - "scalac" is not found on the PATH.  Scala files will not be recompiled
00:08:50 - "scalac" is not found on the PATH.  Scala files will not be recompiled
00:09:23 - !! Can not find server sources, try decompiling !!
00:09:24 - "scalac" is not found on the PATH.  Scala files will not be recompiled
00:10:22 - "scalac" is not found on the PATH.  Scala files will not be recompiled
00:10:34 - !! Can not find server md5s !!
00:11:33 - "scalac" is not found on the PATH.  Scala files will not be recompiled
00:12:21 - !! Can not find server sources, try decompiling !!
00:17:27 - !! Can not find server md5s !!
00:17:27 - !! Can not find server md5s !!
23:02:40 - "scalac" is not found on the PATH.  Scala files will not be recompiled
23:03:22 - !! Can not find server sources, try decompiling !!
23:04:29 - "scalac" is not found on the PATH.  Scala files will not be recompiled
23:04:40 - !! Can not find server md5s !!
